0 info it worked if it ends with ok
1 verbose cli [ 'C:\\Program Files\\nodejs\\node.exe',
1 verbose cli   'C:\\Users\\kjkjh\\AppData\\Roaming\\npm\\node_modules\\npm\\bin\\npm-cli.js',
1 verbose cli   'install',
1 verbose cli   '-g',
1 verbose cli   'bower' ]
2 info using npm@3.5.3
3 info using node@v4.2.4
4 silly loadCurrentTree Starting
5 silly install loadCurrentTree
6 silly install readGlobalPackageData
7 silly fetchPackageMetaData bower
8 silly fetchNamedPackageData bower
9 silly mapToRegistry name bower
10 silly mapToRegistry using default registry
11 silly mapToRegistry registry https://registry.npmjs.org/
12 silly mapToRegistry uri https://registry.npmjs.org/bower
13 verbose request uri https://registry.npmjs.org/bower
14 verbose request no auth needed
15 info attempt registry request try #1 at 4:12:56 PM
16 verbose request id e7b8d236f240b4c8
17 verbose etag "ESVEESFV0ZIHKS9QMV1SMNCNY"
18 http request GET https://registry.npmjs.org/bower
19 http 200 https://registry.npmjs.org/bower
20 verbose headers { server: 'CouchDB/1.5.0 (Erlang OTP/R16B03)',
20 verbose headers   etag: '"2UZ1USYDC3PX7QIF6P9NM7HWW"',
20 verbose headers   'content-type': 'application/json',
20 verbose headers   'cache-control': 'max-age=300',
20 verbose headers   'content-length': '169293',
20 verbose headers   'accept-ranges': 'bytes',
20 verbose headers   date: 'Thu, 03 Mar 2016 14:12:53 GMT',
20 verbose headers   via: '1.1 varnish',
20 verbose headers   age: '170',
20 verbose headers   connection: 'keep-alive',
20 verbose headers   'x-served-by': 'cache-ams4135-AMS',
20 verbose headers   'x-cache': 'HIT',
20 verbose headers   'x-cache-hits': '3',
20 verbose headers   'x-timer': 'S1457014373.911141,VS0,VE0',
20 verbose headers   vary: 'Accept' }
21 silly get cb [ 200,
21 silly get   { server: 'CouchDB/1.5.0 (Erlang OTP/R16B03)',
21 silly get     etag: '"2UZ1USYDC3PX7QIF6P9NM7HWW"',
21 silly get     'content-type': 'application/json',
21 silly get     'cache-control': 'max-age=300',
21 silly get     'content-length': '169293',
21 silly get     'accept-ranges': 'bytes',
21 silly get     date: 'Thu, 03 Mar 2016 14:12:53 GMT',
21 silly get     via: '1.1 varnish',
21 silly get     age: '170',
21 silly get     connection: 'keep-alive',
21 silly get     'x-served-by': 'cache-ams4135-AMS',
21 silly get     'x-cache': 'HIT',
21 silly get     'x-cache-hits': '3',
21 silly get     'x-timer': 'S1457014373.911141,VS0,VE0',
21 silly get     vary: 'Accept' } ]
22 verbose get saving bower to C:\Users\kjkjh\AppData\Roaming\npm-cache\registry.npmjs.org\bower\.cache.json
23 silly install normalizeTree
24 silly loadCurrentTree Finishing
25 silly loadIdealTree Starting
26 silly install loadIdealTree
27 silly cloneCurrentTree Starting
28 silly install cloneCurrentTreeToIdealTree
29 silly cloneCurrentTree Finishing
30 silly loadShrinkwrap Starting
31 silly install loadShrinkwrap
32 silly loadShrinkwrap Finishing
33 silly loadAllDepsIntoIdealTree Starting
34 silly install loadAllDepsIntoIdealTree
35 silly resolveWithNewModule bower@1.7.7 checking installable status
36 silly cache add args [ 'bower', null ]
37 verbose cache add spec bower
38 silly cache add parsed spec Result {
38 silly cache add   raw: 'bower',
38 silly cache add   scope: null,
38 silly cache add   name: 'bower',
38 silly cache add   rawSpec: '',
38 silly cache add   spec: 'latest',
38 silly cache add   type: 'tag' }
39 silly addNamed bower@latest
40 verbose addNamed "latest" is being treated as a dist-tag for bower
41 info addNameTag [ 'bower', 'latest' ]
42 silly mapToRegistry name bower
43 silly mapToRegistry using default registry
44 silly mapToRegistry registry https://registry.npmjs.org/
45 silly mapToRegistry uri https://registry.npmjs.org/bower
46 verbose addNameTag registry:https://registry.npmjs.org/bower not in flight; fetching
47 verbose get https://registry.npmjs.org/bower not expired, no request
48 silly addNameTag next cb for bower with tag latest
49 silly addNamed bower@1.7.7
50 verbose addNamed "1.7.7" is a plain semver version for bower
51 silly mapToRegistry name bower
52 silly mapToRegistry using default registry
53 silly mapToRegistry registry https://registry.npmjs.org/
54 silly mapToRegistry uri https://registry.npmjs.org/bower
55 verbose addRemoteTarball https://registry.npmjs.org/bower/-/bower-1.7.7.tgz not in flight; adding
56 verbose addRemoteTarball [ 'https://registry.npmjs.org/bower/-/bower-1.7.7.tgz',
56 verbose addRemoteTarball   '2fd7ff3ebdcba5a8ffcd84c397c8fdfe9f825f92' ]
57 info retry fetch attempt 1 at 4:12:56 PM
58 info attempt registry request try #1 at 4:12:56 PM
59 http fetch GET https://registry.npmjs.org/bower/-/bower-1.7.7.tgz
60 http fetch 200 https://registry.npmjs.org/bower/-/bower-1.7.7.tgz
61 silly fetchAndShaCheck shasum 2fd7ff3ebdcba5a8ffcd84c397c8fdfe9f825f92
62 verbose addTmpTarball C:\Users\kjkjh\AppData\Local\Temp\npm-6684-e8ae0e0e\registry.npmjs.org\bower\-\bower-1.7.7.tgz not in flight; adding
63 verbose addTmpTarball already have metadata; skipping unpack for bower@1.7.7
64 silly cache afterAdd bower@1.7.7
65 verbose afterAdd C:\Users\kjkjh\AppData\Roaming\npm-cache\bower\1.7.7\package\package.json not in flight; writing
66 verbose afterAdd C:\Users\kjkjh\AppData\Roaming\npm-cache\bower\1.7.7\package\package.json written
67 silly loadAllDepsIntoIdealTree Finishing
68 silly idealTree:prePrune nodejs
68 silly idealTree:prePrune └── bower@1.7.7
69 silly loadIdealTree Finishing
70 silly currentTree nodejs
71 silly idealTree nodejs
71 silly idealTree └── bower@1.7.7
72 silly generateActionsToTake Starting
73 silly install generateActionsToTake
74 silly generateActionsToTake Finishing
75 silly diffTrees action count 1
76 silly diffTrees add bower@1.7.7
77 silly decomposeActions action count 8
78 silly decomposeActions fetch bower@1.7.7
79 silly decomposeActions extract bower@1.7.7
80 silly decomposeActions test bower@1.7.7
81 silly decomposeActions preinstall bower@1.7.7
82 silly decomposeActions build bower@1.7.7
83 silly decomposeActions install bower@1.7.7
84 silly decomposeActions postinstall bower@1.7.7
85 silly decomposeActions finalize bower@1.7.7
86 silly executeActions Starting
87 silly install executeActions
88 silly doSerial global-install 0
89 silly doParallel fetch 1
90 verbose lock using C:\Users\kjkjh\AppData\Roaming\npm-cache\_locks\staging-dfd8fbf9c1feea0f.lock for C:\Program Files\nodejs\node_modules\.staging
91 verbose unlock done using C:\Users\kjkjh\AppData\Roaming\npm-cache\_locks\staging-dfd8fbf9c1feea0f.lock for C:\Program Files\nodejs\node_modules\.staging
92 silly rollbackFailedOptional Starting
93 silly rollbackFailedOptional Finishing
94 silly runTopLevelLifecycles Starting
95 silly runTopLevelLifecycles Finishing
96 silly install printInstalled
97 verbose stack Error: EPERM: operation not permitted, mkdir 'C:\Program Files\nodejs\node_modules\.staging'
97 verbose stack     at Error (native)
98 verbose cwd C:\Users\kjkjh\RubymineProjects\untitled1
99 error Windows_NT 6.3.9600
100 error argv "C:\\Program Files\\nodejs\\node.exe" "C:\\Users\\kjkjh\\AppData\\Roaming\\npm\\node_modules\\npm\\bin\\npm-cli.js" "install" "-g" "bower"
101 error node v4.2.4
102 error npm  v3.5.3
103 error path C:\Program Files\nodejs\node_modules\.staging
104 error code EPERM
105 error errno -4048
106 error syscall mkdir
107 error Error: EPERM: operation not permitted, mkdir 'C:\Program Files\nodejs\node_modules\.staging'
107 error     at Error (native)
107 error  { [Error: EPERM: operation not permitted, mkdir 'C:\Program Files\nodejs\node_modules\.staging']
107 error   errno: -4048,
107 error   code: 'EPERM',
107 error   syscall: 'mkdir',
107 error   path: 'C:\\Program Files\\nodejs\\node_modules\\.staging' }
108 error Please try running this command again as root/Administrator.
109 verbose exit [ -4048, true ]
